#
# A fatal error has been detected by the Java Runtime Environment:
#
#  SIGSEGV (0xb) at pc=0x000000012141445f, pid=39958, tid=0x0000000000014f0b
#
# JRE version: Java(TM) SE Runtime Environment (8.0_144-b01) (build 1.8.0_144-b01)
# Java VM: Java HotSpot(TM) 64-Bit Server VM (25.144-b01 mixed mode bsd-amd64 compressed oops)
# Problematic frame:
# C  [libawt_lwawt.dylib+0x1c45f]  OGLSD_SetScratchSurface+0x49
#
# Failed to write core dump. Core dumps have been disabled. To enable core dumping, try "ulimit -c unlimited" before starting Java again
#
# If you would like to submit a bug report, please visit:
#   http://bugreport.java.com/bugreport/crash.jsp
# The crash happened outside the Java Virtual Machine in native code.
# See problematic frame for where to report the bug.
#

---------------  T H R E A D  ---------------

Current thread (0x00007f949893c800):  JavaThread "Java2D Queue Flusher" daemon [_thread_in_native, id=85771, stack(0x000070000b85a000,0x000070000b95a000)]

siginfo: si_signo: 11 (SIGSEGV), si_code: 0 (unknown), si_addr: 0x0000000000000000

Registers:
RAX=0x00000000ffffffff, RBX=0x7355656c70700002, RCX=0x0000000000000047, RDX=0x0000000121435258
RSP=0x000070000b9597e0, RBP=0x000070000b959800, RSI=0x00007f949c114bf0, RDI=0x00007f949893c9f8
R8 =0x00000000000030a0, R9 =0x00007f9498681448, R10=0x000000010c8e20f8, R11=0x00000000e8086796
R12=0x0000000000000000, R13=0x000070000b959908, R14=0x00007f949893c9f8, R15=0x00007f949893c800
RIP=0x000000012141445f, EFLAGS=0x0000000000010202, ERR=0x0000000000000000
  TRAPNO=0x000000000000000d

Top of Stack: (sp=0x000070000b9597e0)
0x000070000b9597e0:   00007f949c114bf0 0000000000000000
0x000070000b9597f0:   00007f9498926c10 00007f949893c800
0x000070000b959800:   000070000b959880 0000000121434d36
0x000070000b959810:   0000000000000064 0000000000000000
0x000070000b959820:   0000000000000064 00007f949867c458
0x000070000b959830:   000070000b959890 000000010891b1e8
0x000070000b959840:   00007f9400000005 00007f9498926c20
0x000070000b959850:   0000000000000001 00007f949893c9f8
0x000070000b959860:   0000000123ac4de0 0000000000000000
0x000070000b959870:   000070000b959988 00007f949893c800
0x000070000b959880:   000070000b9598d0 000000010c8e216a
0x000070000b959890:   0000000740433c98 000000010c86cfa8
0x000070000b9598a0:   0000000740433d80 000000010c8bdba6
0x000070000b9598b0:   0000000740433d80 000070000b9598b8
0x000070000b9598c0:   00000001540b7aec 000070000b959908
0x000070000b9598d0:   0000000740433c98 000000010cade370
0x000070000b9598e0:   000070000b959960 000000010c34a2bd
0x000070000b9598f0:   000070000b959960 000000010c34a2bd
0x000070000b959900:   000000010c34a2bd 0000000740433c98
0x000070000b959910:   0000000000000001 0000000740433d80
0x000070000b959920:   000070000b959910 0000000123ac8609
0x000070000b959930:   000070000b959988 0000000123ac87a0
0x000070000b959940:   0000000000000000 0000000123ac8710
0x000070000b959950:   000070000b959908 000070000b959988
0x000070000b959960:   000070000b9599f0 000000010c3427a7
0x000070000b959970:   0000000000000000 0000000000000000
0x000070000b959980:   0000000000000000 0000000740433d80
0x000070000b959990:   0000700000001fa0 000000000000000a
0x000070000b9599a0:   00007f949893c800 0000000000000001
0x000070000b9599b0:   000000010c34271f 0000000123ac8710
0x000070000b9599c0:   000070000b959a88 000070000b959d20
0x000070000b9599d0:   000000010000000a 0000000123ac8710 

Instructions: (pc=0x000000012141445f)
0x000000012141443f:   c0 e9 82 00 00 00 48 8b 5e 10 48 85 db 75 0e bf
0x000000012141444f:   01 00 00 00 48 8d 15 67 7b 03 00 eb d6 49 89 fe
0x000000012141445f:   4c 8b 3b 30 c0 e8 21 a6 02 00 49 8b 3f 49 89 c4
0x000000012141446f:   48 8b 35 aa 02 06 00 30 c0 e8 51 a7 02 00 48 85 

Register to memory mapping:

RAX=0x00000000ffffffff is an unknown value
RBX=0x7355656c70700002 is an unknown value
RCX=0x0000000000000047 is an unknown value
RDX=0x0000000121435258: Java_sun_java2d_opengl_OGLRenderQueue_flushBuffer+0xb5c in /Applications/MATLAB_R2018a.app/sys/java/jre/maci64/jre/lib/libawt_lwawt.dylib at 0x00000001213f8000
RSP=0x000070000b9597e0 is pointing into the stack for thread: 0x00007f949893c800
RBP=0x000070000b959800 is pointing into the stack for thread: 0x00007f949893c800
RSI=0x00007f949c114bf0 is an unknown value
RDI=0x00007f949893c9f8 is an unknown value
R8 =0x00000000000030a0 is an unknown value
R9 =0x00007f9498681448 is an unknown value
R10=0x000000010c8e20f8 is at entry_point+56 in (nmethod*)0x000000010c8e1f50
R11=0x00000000e8086796 is an unknown value
R12=0x0000000000000000 is an unknown value
R13=0x000070000b959908 is pointing into the stack for thread: 0x00007f949893c800
R14=0x00007f949893c9f8 is an unknown value
R15=0x00007f949893c800 is a thread


Stack: [0x000070000b85a000,0x000070000b95a000],  sp=0x000070000b9597e0,  free space=1021k
Native frames: (J=compiled Java code, j=interpreted, Vv=VM code, C=native code)
C  [libawt_lwawt.dylib+0x1c45f]  OGLSD_SetScratchSurface+0x49
C  [libawt_lwawt.dylib+0x3cd36]  Java_sun_java2d_opengl_OGLRenderQueue_flushBuffer+0x63a
J 1946  sun.java2d.opengl.OGLRenderQueue.flushBuffer(JI)V (0 bytes) @ 0x000000010c8e216a [0x000000010c8e20c0+0xaa]
J 2773 C2 sun.java2d.opengl.OGLRenderQueue.access$100(Lsun/java2d/opengl/OGLRenderQueue;)V (5 bytes) @ 0x000000010cade370 [0x000000010cade340+0x30]
j  sun.java2d.opengl.OGLRenderQueue$QueueFlusher.run()V+81
v  ~StubRoutines::call_stub
V  [libjvm.dylib+0x2ee70a]
V  [libjvm.dylib+0x2eeeae]
V  [libjvm.dylib+0x2ef05a]
V  [libjvm.dylib+0x3497b1]
V  [libjvm.dylib+0x56c0b3]
V  [libjvm.dylib+0x56d7a0]
V  [libjvm.dylib+0x48baee]
C  [libsystem_pthread.dylib+0x32eb]  _pthread_body+0x7e
C  [libsystem_pthread.dylib+0x6249]  _pthread_start+0x42
C  [libsystem_pthread.dylib+0x240d]  thread_start+0xd
C  0x0000000000000000

Java frames: (J=compiled Java code, j=interpreted, Vv=VM code)
J 1946  sun.java2d.opengl.OGLRenderQueue.flushBuffer(JI)V (0 bytes) @ 0x000000010c8e20f8 [0x000000010c8e20c0+0x38]
J 2773 C2 sun.java2d.opengl.OGLRenderQueue.access$100(Lsun/java2d/opengl/OGLRenderQueue;)V (5 bytes) @ 0x000000010cade370 [0x000000010cade340+0x30]
j  sun.java2d.opengl.OGLRenderQueue$QueueFlusher.run()V+81
v  ~StubRoutines::call_stub

---------------  P R O C E S S  ---------------

Java Threads: ( => current thread )
  0x00007f9499a13000 JavaThread "Timer-0" daemon [_thread_blocked, id=51255, stack(0x000070000bcec000,0x000070000bdec000)]
  0x00007f94988a3000 JavaThread "TimerQueue" daemon [_thread_blocked, id=4283, stack(0x000070000a498000,0x000070000a598000)]
  0x00007f949a0a5800 JavaThread "Java2D Disposer" daemon [_thread_blocked, id=82183, stack(0x000070000b95d000,0x000070000ba5d000)]
=>0x00007f949893c800 JavaThread "Java2D Queue Flusher" daemon [_thread_in_native, id=85771, stack(0x000070000b85a000,0x000070000b95a000)]
  0x00007f9498a32000 JavaThread "MultiThreadedHttpConnectionManager cleanup" daemon [_thread_blocked, id=46083, stack(0x000070000b757000,0x000070000b857000)]
  0x00007f94989e9800 JavaThread "DestroyJavaVM" [_thread_blocked, id=6403, stack(0x000070000a59e000,0x000070000a69e000)]
  0x00007f94991a6000 JavaThread "AWT-EventQueue-0" [_thread_blocked, id=45835, stack(0x000070000b654000,0x000070000b754000)]
  0x00007f9499116800 JavaThread "AWT-Shutdown" [_thread_blocked, id=39467, stack(0x000070000b44b000,0x000070000b54b000)]
  0x00007f9498964000 JavaThread "AppKit Thread" daemon [_thread_in_native, id=775, stack(0x00007ffee6e6a000,0x00007ffee766a000)]
  0x00007f9499024800 JavaThread "Service Thread" daemon [_thread_blocked, id=14851, stack(0x000070000b1c2000,0x000070000b2c2000)]
  0x00007f949a02a800 JavaThread "C1 CompilerThread2" daemon [_thread_blocked, id=18435, stack(0x000070000b0bf000,0x000070000b1bf000)]
  0x00007f9499829800 JavaThread "C2 CompilerThread1" daemon [_thread_blocked, id=18947, stack(0x000070000afbc000,0x000070000b0bc000)]
  0x00007f949a02a000 JavaThread "C2 CompilerThread0" daemon [_thread_blocked, id=14083, stack(0x000070000aeb9000,0x000070000afb9000)]
  0x00007f9499805000 JavaThread "Signal Dispatcher" daemon [_thread_blocked, id=13571, stack(0x000070000adb6000,0x000070000aeb6000)]
  0x00007f9499817800 JavaThread "Finalizer" daemon [_thread_blocked, id=20739, stack(0x000070000acb3000,0x000070000adb3000)]
  0x00007f9499014000 JavaThread "Reference Handler" daemon [_thread_blocked, id=12291, stack(0x000070000abb0000,0x000070000acb0000)]

Other Threads:
  0x00007f9499815000 VMThread [stack: 0x000070000aaad000,0x000070000abad000] [id=12035]
  0x00007f949a03b000 WatcherThread [stack: 0x000070000b2c5000,0x000070000b3c5000] [id=17923]

VM state:not at safepoint (normal execution)

VM Mutex/Monitor currently owned by a thread: None

Heap:
 PSYoungGen      total 43520K, used 1054K [0x0000000795580000, 0x0000000799480000, 0x00000007c0000000)
  eden space 31744K, 3% used [0x0000000795580000,0x0000000795687a58,0x0000000797480000)
  from space 11776K, 0% used [0x0000000797700000,0x0000000797700000,0x0000000798280000)
  to   space 16384K, 0% used [0x0000000798480000,0x0000000798480000,0x0000000799480000)
 ParOldGen       total 58368K, used 14356K [0x0000000740000000, 0x0000000743900000, 0x0000000795580000)
  object space 58368K, 24% used [0x0000000740000000,0x0000000740e05060,0x0000000743900000)
 Metaspace       used 20986K, capacity 21380K, committed 21680K, reserved 1069056K
  class space    used 2580K, capacity 2716K, committed 2816K, reserved 1048576K

Card table byte_map: [0x000000010a1c9000,0x000000010a5ca000] byte_map_base: 0x00000001067c9000

Marking Bits: (ParMarkBitMap*) 0x0000000108ebe5d0
 Begin Bits: [0x000000011b342000, 0x000000011d342000)
 End Bits:   [0x000000011d342000, 0x000000011f342000)

Polling page: 0x00000001095b5000

CodeCache: size=245760Kb used=8347Kb max_used=8504Kb free=237412Kb
 bounds [0x000000010c342000, 0x000000010cba2000, 0x000000011b342000]
 total_blobs=3260 nmethods=2641 adapters=532
 compilation: enabled

Compilation events (10 events):
Event: 437.171 Thread 0x00007f949a02a800 2975       3       java.lang.invoke.LambdaForm::uncustomize (58 bytes)
Event: 437.174 Thread 0x00007f9499829800 2976       4       java.util.concurrent.locks.AbstractQueuedSynchronizer$ConditionObject::signalAll (33 bytes)
Event: 437.174 Thread 0x00007f949a02a800 nmethod 2975 0x000000010c89b310 code [0x000000010c89b480, 0x000000010c89b730]
Event: 437.174 Thread 0x00007f949a02a800 2978       3       jdk.internal.org.objectweb.asm.MethodWriter::<init> (268 bytes)
Event: 437.175 Thread 0x00007f949a02a800 nmethod 2978 0x000000010c5f0cd0 code [0x000000010c5f0f20, 0x000000010c5f1c28]
Event: 437.175 Thread 0x00007f949a02a800 2977       3       jdk.internal.org.objectweb.asm.ClassWriter::visitMethod (24 bytes)
Event: 437.175 Thread 0x00007f949a02a800 nmethod 2977 0x000000010c86d0d0 code [0x000000010c86d240, 0x000000010c86d468]
Event: 437.176 Thread 0x00007f949a02a000 2979       4       java.lang.ref.ReferenceQueue::remove (6 bytes)
Event: 437.178 Thread 0x00007f9499829800 nmethod 2976 0x000000010c8c5690 code [0x000000010c8c5800, 0x000000010c8c5b68]
Event: 437.182 Thread 0x00007f949a02a000 nmethod 2979 0x000000010c8fa7d0 code [0x000000010c8fa960, 0x000000010c8faf30]

GC Heap History (10 events):
Event: 344.836 GC heap before
{Heap before GC invocations=4 (full 0):
 PSYoungGen      total 38400K, used 38369K [0x0000000795580000, 0x000000079a080000, 0x00000007c0000000)
  eden space 33280K, 100% used [0x0000000795580000,0x0000000797600000,0x0000000797600000)
  from space 5120K, 99% used [0x0000000797600000,0x0000000797af86a0,0x0000000797b00000)
  to   space 5120K, 0% used [0x0000000799b80000,0x0000000799b80000,0x000000079a080000)
 ParOldGen       total 87552K, used 20357K [0x0000000740000000, 0x0000000745580000, 0x0000000795580000)
  object space 87552K, 23% used [0x0000000740000000,0x00000007413e17e8,0x0000000745580000)
 Metaspace       used 20579K, capacity 20924K, committed 21120K, reserved 1067008K
  class space    used 2493K, capacity 2608K, committed 2688K, reserved 1048576K
Event: 345.128 GC heap after
Heap after GC invocations=4 (full 0):
 PSYoungGen      total 38400K, used 5109K [0x0000000795580000, 0x000000079a080000, 0x00000007c0000000)
  eden space 33280K, 0% used [0x0000000795580000,0x0000000795580000,0x0000000797600000)
  from space 5120K, 99% used [0x0000000799b80000,0x000000079a07d400,0x000000079a080000)
  to   space 5120K, 0% used [0x0000000797600000,0x0000000797600000,0x0000000797b00000)
 ParOldGen       total 87552K, used 28275K [0x0000000740000000, 0x0000000745580000, 0x0000000795580000)
  object space 87552K, 32% used [0x0000000740000000,0x0000000741b9cf78,0x0000000745580000)
 Metaspace       used 20579K, capacity 20924K, committed 21120K, reserved 1067008K
  class space    used 2493K, capacity 2608K, committed 2688K, reserved 1048576K
}
Event: 378.320 GC heap before
{Heap before GC invocations=5 (full 0):
 PSYoungGen      total 38400K, used 38389K [0x0000000795580000, 0x000000079a080000, 0x00000007c0000000)
  eden space 33280K, 100% used [0x0000000795580000,0x0000000797600000,0x0000000797600000)
  from space 5120K, 99% used [0x0000000799b80000,0x000000079a07d400,0x000000079a080000)
  to   space 5120K, 0% used [0x0000000797600000,0x0000000797600000,0x0000000797b00000)
 ParOldGen       total 87552K, used 28275K [0x0000000740000000, 0x0000000745580000, 0x0000000795580000)
  object space 87552K, 32% used [0x0000000740000000,0x0000000741b9cf78,0x0000000745580000)
 Metaspace       used 20579K, capacity 20924K, committed 21120K, reserved 1067008K
  class space    used 2493K, capacity 2608K, committed 2688K, reserved 1048576K
Event: 378.674 GC heap after
Heap after GC invocations=5 (full 0):
 PSYoungGen      total 37888K, used 5105K [0x0000000795580000, 0x0000000799c00000, 0x00000007c0000000)
  eden space 32768K, 0% used [0x0000000795580000,0x0000000795580000,0x0000000797580000)
  from space 5120K, 99% used [0x0000000797600000,0x0000000797afc6c0,0x0000000797b00000)
  to   space 16896K, 0% used [0x0000000798b80000,0x0000000798b80000,0x0000000799c00000)
 ParOldGen       total 87552K, used 35261K [0x0000000740000000, 0x0000000745580000, 0x0000000795580000)
  object space 87552K, 40% used [0x0000000740000000,0x000000074226f578,0x0000000745580000)
 Metaspace       used 20579K, capacity 20924K, committed 21120K, reserved 1067008K
  class space    used 2493K, capacity 2608K, committed 2688K, reserved 1048576K
}
Event: 411.969 GC heap before
{Heap before GC invocations=6 (full 0):
 PSYoungGen      total 37888K, used 37873K [0x0000000795580000, 0x0000000799c00000, 0x00000007c0000000)
  eden space 32768K, 100% used [0x0000000795580000,0x0000000797580000,0x0000000797580000)
  from space 5120K, 99% used [0x0000000797600000,0x0000000797afc6c0,0x0000000797b00000)
  to   space 16896K, 0% used [0x0000000798b80000,0x0000000798b80000,0x0000000799c00000)
 ParOldGen       total 87552K, used 35261K [0x0000000740000000, 0x0000000745580000, 0x0000000795580000)
  object space 87552K, 40% used [0x0000000740000000,0x000000074226f578,0x0000000745580000)
 Metaspace       used 20580K, capacity 20924K, committed 21120K, reserved 1067008K
  class space    used 2493K, capacity 2608K, committed 2688K, reserved 1048576K
Event: 411.981 GC heap after
Heap after GC invocations=6 (full 0):
 PSYoungGen      total 45056K, used 12753K [0x0000000795580000, 0x0000000799800000, 0x00000007c0000000)
  eden space 32256K, 0% used [0x0000000795580000,0x0000000795580000,0x0000000797500000)
  from space 12800K, 99% used [0x0000000798b80000,0x00000007997f4730,0x0000000799800000)
  to   space 16896K, 0% used [0x0000000797700000,0x0000000797700000,0x0000000798780000)
 ParOldGen       total 87552K, used 35261K [0x0000000740000000, 0x0000000745580000, 0x0000000795580000)
  object space 87552K, 40% used [0x0000000740000000,0x000000074226f578,0x0000000745580000)
 Metaspace       used 20580K, capacity 20924K, committed 21120K, reserved 1067008K
  class space    used 2493K, capacity 2608K, committed 2688K, reserved 1048576K
}
Event: 436.144 GC heap before
{Heap before GC invocations=7 (full 0):
 PSYoungGen      total 45056K, used 35610K [0x0000000795580000, 0x0000000799800000, 0x00000007c0000000)
  eden space 32256K, 70% used [0x0000000795580000,0x0000000796bd2488,0x0000000797500000)
  from space 12800K, 99% used [0x0000000798b80000,0x00000007997f4730,0x0000000799800000)
  to   space 16896K, 0% used [0x0000000797700000,0x0000000797700000,0x0000000798780000)
 ParOldGen       total 87552K, used 35261K [0x0000000740000000, 0x0000000745580000, 0x0000000795580000)
  object space 87552K, 40% used [0x0000000740000000,0x000000074226f578,0x0000000745580000)
 Metaspace       used 20818K, capacity 21152K, committed 21296K, reserved 1069056K
  class space    used 2518K, capacity 2642K, committed 2688K, reserved 1048576K
Event: 436.244 GC heap after
Heap after GC invocations=7 (full 0):
 PSYoungGen      total 43520K, used 11386K [0x0000000795580000, 0x0000000799480000, 0x00000007c0000000)
  eden space 31744K, 0% used [0x0000000795580000,0x0000000795580000,0x0000000797480000)
  from space 11776K, 96% used [0x0000000797700000,0x000000079821eb20,0x0000000798280000)
  to   space 16384K, 0% used [0x0000000798480000,0x0000000798480000,0x0000000799480000)
 ParOldGen       total 87552K, used 36866K [0x0000000740000000, 0x0000000745580000, 0x0000000795580000)
  object space 87552K, 42% used [0x0000000740000000,0x0000000742400a08,0x0000000745580000)
 Metaspace       used 20818K, capacity 21152K, committed 21296K, reserved 1069056K
  class space    used 2518K, capacity 2642K, committed 2688K, reserved 1048576K
}
Event: 436.244 GC heap before
{Heap before GC invocations=8 (full 1):
 PSYoungGen      total 43520K, used 11386K [0x0000000795580000, 0x0000000799480000, 0x00000007c0000000)
  eden space 31744K, 0% used [0x0000000795580000,0x0000000795580000,0x0000000797480000)
  from space 11776K, 96% used [0x0000000797700000,0x000000079821eb20,0x0000000798280000)
  to   space 16384K, 0% used [0x0000000798480000,0x0000000798480000,0x0000000799480000)
 ParOldGen       total 87552K, used 36866K [0x0000000740000000, 0x0000000745580000, 0x0000000795580000)
  object space 87552K, 42% used [0x0000000740000000,0x0000000742400a08,0x0000000745580000)
 Metaspace       used 20818K, capacity 21152K, committed 21296K, reserved 1069056K
  class space    used 2518K, capacity 2642K, committed 2688K, reserved 1048576K
Event: 436.935 GC heap after
Heap after GC invocations=8 (full 1):
 PSYoungGen      total 43520K, used 0K [0x0000000795580000, 0x0000000799480000, 0x00000007c0000000)
  eden space 31744K, 0% used [0x0000000795580000,0x0000000795580000,0x0000000797480000)
  from space 11776K, 0% used [0x0000000797700000,0x0000000797700000,0x0000000798280000)
  to   space 16384K, 0% used [0x0000000798480000,0x0000000798480000,0x0000000799480000)
 ParOldGen       total 58368K, used 14356K [0x0000000740000000, 0x0000000743900000, 0x0000000795580000)
  object space 58368K, 24% used [0x0000000740000000,0x0000000740e05060,0x0000000743900000)
 Metaspace       used 20818K, capacity 21152K, committed 21296K, reserved 1069056K
  class space    used 2518K, capacity 2642K, committed 2688K, reserved 1048576K
}

Deoptimization events (10 events):
Event: 437.004 Thread 0x00007f94991a6000 Uncommon trap: reason=unstable_if action=reinterpret pc=0x000000010ca34c14 method=javax.swing.JComponent.getClientProperty(Ljava/lang/Object;)Ljava/lang/Object; @ 28
Event: 437.005 Thread 0x00007f94991a6000 Uncommon trap: reason=unstable_if action=reinterpret pc=0x000000010c85d528 method=java.awt.Font.getFont2D()Lsun/font/Font2D; @ 72
Event: 437.008 Thread 0x00007f94991a6000 Uncommon trap: reason=unstable_if action=reinterpret pc=0x000000010cb25f7c method=java.awt.Font.getFont2D()Lsun/font/Font2D; @ 72
Event: 437.030 Thread 0x00007f94991a6000 Uncommon trap: reason=unstable_if action=reinterpret pc=0x000000010c9c3c74 method=java.awt.Component.isShowing()Z @ 11
Event: 437.058 Thread 0x00007f94991a6000 Uncommon trap: reason=unstable_if action=reinterpret pc=0x000000010caeb1c0 method=sun.java2d.pipe.Region.dimAdd(II)I @ 1
Event: 437.058 Thread 0x00007f94991a6000 Uncommon trap: reason=unstable_if action=reinterpret pc=0x000000010ca9cd88 method=sun.java2d.pipe.Region.dimAdd(II)I @ 1
Event: 437.116 Thread 0x00007f94991a6000 Uncommon trap: reason=class_check action=maybe_recompile pc=0x000000010cab1e8c method=java.awt.EventQueue.coalesceEvent(Ljava/awt/AWTEvent;I)Z @ 32
Event: 437.116 Thread 0x00007f94991a6000 Uncommon trap: reason=class_check action=maybe_recompile pc=0x000000010cb10b98 method=java.awt.EventQueue.coalesceEvent(Ljava/awt/AWTEvent;I)Z @ 32
Event: 437.117 Thread 0x00007f94991a6000 Uncommon trap: reason=class_check action=maybe_recompile pc=0x000000010cb10b98 method=java.awt.EventQueue.coalesceEvent(Ljava/awt/AWTEvent;I)Z @ 32
Event: 437.177 Thread 0x00007f94991a6000 Uncommon trap: reason=class_check action=maybe_recompile pc=0x000000010cab1e8c method=java.awt.EventQueue.coalesceEvent(Ljava/awt/AWTEvent;I)Z @ 32

Internal exceptions (10 events):
Event: 4.499 Thread 0x00007f94991a6000 Exception <a 'java/lang/ClassNotFoundException': com/sun/org/glassfish/hk2/osgiresourcelocator/ServiceLoader> (0x00000007960778b8) thrown at [/Users/java_re/workspace/8-2-build-macosx-x86_64/jdk8u144/9417/hotspot/src/share/vm/classfile/systemDictionary.cp
Event: 35.862 Thread 0x00007f94991a6000 Implicit null exception at 0x000000010c571335 to 0x000000010c5716f5
Event: 35.865 Thread 0x00007f94991a6000 Implicit null exception at 0x000000010c53c5f6 to 0x000000010c53c9b9
Event: 117.976 Thread 0x00007f9499817800 Exception <a 'java/lang/NullPointerException'> (0x00000007956d4138) thrown at [/Users/java_re/workspace/8-2-build-macosx-x86_64/jdk8u144/9417/hotspot/src/share/vm/interpreter/linkResolver.cpp, line 1197]
Event: 117.978 Thread 0x00007f9499817800 Exception <a 'java/lang/NullPointerException'> (0x00000007956d4340) thrown at [/Users/java_re/workspace/8-2-build-macosx-x86_64/jdk8u144/9417/hotspot/src/share/vm/interpreter/linkResolver.cpp, line 1197]
Event: 437.003 Thread 0x00007f94991a6000 Implicit null exception at 0x000000010ca8a720 to 0x000000010ca8a7fa
Event: 437.004 Thread 0x00007f94991a6000 Implicit null exception at 0x000000010ca989c8 to 0x000000010ca98a25
Event: 437.004 Thread 0x00007f94991a6000 Implicit null exception at 0x000000010c7b72d8 to 0x000000010c7b732a
Event: 437.005 Thread 0x00007f94991a6000 Implicit null exception at 0x000000010c85d357 to 0x000000010c85d519
Event: 437.008 Thread 0x00007f94991a6000 Implicit null exception at 0x000000010cb25d97 to 0x000000010cb25f6d

Events (10 events):
Event: 437.117 Thread 0x00007f94991a6000 Uncommon trap: trap_request=0xffffffde fr.pc=0x000000010cb10b98
Event: 437.117 Thread 0x00007f94991a6000 DEOPT PACKING pc=0x000000010cb10b98 sp=0x000070000b7521d0
Event: 437.117 Thread 0x00007f94991a6000 DEOPT UNPACKING pc=0x000000010c347229 sp=0x000070000b7520f8 mode 2
Event: 437.177 Thread 0x00007f94991a6000 Uncommon trap: trap_request=0xffffffde fr.pc=0x000000010cab1e8c
Event: 437.177 Thread 0x00007f94991a6000 DEOPT PACKING pc=0x000000010cab1e8c sp=0x000070000b7525f0
Event: 437.177 Thread 0x00007f94991a6000 DEOPT UNPACKING pc=0x000000010c347229 sp=0x000070000b7524a0 mode 2
Event: 437.220 loading class javax/swing/Popup$DefaultFrame
Event: 437.220 loading class javax/swing/Popup$DefaultFrame done
Event: 437.220 loading class javax/swing/PopupFactory$HeavyWeightPopup$1
Event: 437.220 loading class javax/swing/PopupFactory$HeavyWeightPopup$1 done


Dynamic libraries:
0x0000000005aa7000 	/System/Library/Frameworks/Cocoa.framework/Versions/A/Cocoa
0x0000000005aa7000 	/System/Library/Frameworks/Security.framework/Versions/A/Security
0x0000000005aa7000 	/System/Library/Frameworks/ApplicationServices.framework/Versions/A/ApplicationServices
0x0000000005aa7000 	/usr/lib/libz.1.dylib
0x0000000005aa7000 	/usr/lib/libSystem.B.dylib
0x0000000005aa7000 	/usr/lib/libobjc.A.dylib
0x0000000005aa7000 	/System/Library/Frameworks/CoreFoundation.framework/Versions/A/CoreFoundation
0x0000000005aa7000 	/System/Library/Frameworks/Foundation.framework/Versions/C/Foundation
0x0000000005aa7000 	/System/Library/Frameworks/AppKit.framework/Versions/C/AppKit
0x0000000005aa7000 	/System/Library/Frameworks/CoreData.framework/Versions/A/CoreData
0x0000000005aa7000 	/System/Library/PrivateFrameworks/RemoteViewServices.framework/Versions/A/RemoteViewServices
0x0000000005aa7000 	/System/Library/PrivateFrameworks/UIFoundation.framework/Versions/A/UIFoundation
0x0000000005aa7000 	/System/Library/PrivateFrameworks/XCTTargetBootstrap.framework/Versions/A/XCTTargetBootstrap
0x0000000005aa7000 	/System/Library/Frameworks/CoreDisplay.framework/Versions/A/CoreDisplay
0x0000000005aa7000 	/System/Library/PrivateFrameworks/IconServices.framework/Versions/A/IconServices
0x0000000005aa7000 	/System/Library/Frameworks/Metal.framework/Versions/A/Metal
0x0000000005aa7000 	/System/Library/PrivateFrameworks/DesktopServicesPriv.framework/Versions/A/DesktopServicesPriv
0x0000000005aa7000 	/usr/lib/libenergytrace.dylib
0x0000000005aa7000 	/System/Library/PrivateFrameworks/SkyLight.framework/Versions/A/SkyLight
0x0000000005aa7000 	/System/Library/Frameworks/CoreGraphics.framework/Versions/A/CoreGraphics
0x0000000005aa7000 	/System/Library/Frameworks/Accelerate.framework/Versions/A/Accelerate
0x0000000005aa7000 	/System/Library/Frameworks/IOSurface.framework/Versions/A/IOSurface
0x0000000005aa7000 	/System/Library/PrivateFrameworks/DFRFoundation.framework/Versions/A/DFRFoundation
0x0000000005aa7000 	/System/Library/Frameworks/AudioToolbox.framework/Versions/A/AudioToolbox
0x0000000005aa7000 	/System/Library/Frameworks/AudioUnit.framework/Versions/A/AudioUnit
0x0000000005aa7000 	/System/Library/PrivateFrameworks/DataDetectorsCore.framework/Versions/A/DataDetectorsCore
0x0000000005aa7000 	/System/Library/Frameworks/Carbon.framework/Versions/A/Frameworks/HIToolbox.framework/Versions/A/HIToolbox
0x0000000005aa7000 	/usr/lib/libicucore.A.dylib
0x0000000005aa7000 	/System/Library/Frameworks/QuartzCore.framework/Versions/A/QuartzCore
0x0000000005aa7000 	/System/Library/Frameworks/Carbon.framework/Versions/A/Frameworks/SpeechRecognition.framework/Versions/A/SpeechRecognition
0x0000000005aa7000 	/usr/lib/libauto.dylib
0x0000000005aa7000 	/usr/lib/libxml2.2.dylib
0x0000000005aa7000 	/System/Library/PrivateFrameworks/CoreUI.framework/Versions/A/CoreUI
0x0000000005aa7000 	/System/Library/Frameworks/CoreAudio.framework/Versions/A/CoreAudio
0x0000000005aa7000 	/System/Library/Frameworks/DiskArbitration.framework/Versions/A/DiskArbitration
0x0000000005aa7000 	/usr/lib/liblangid.dylib
0x0000000005aa7000 	/System/Library/PrivateFrameworks/MultitouchSupport.framework/Versions/A/MultitouchSupport
0x0000000005aa7000 	/System/Library/Frameworks/IOKit.framework/Versions/A/IOKit
0x0000000005aa7000 	/usr/lib/libDiagnosticMessagesClient.dylib
0x0000000005aa7000 	/System/Library/Frameworks/CoreServices.framework/Versions/A/CoreServices
0x0000000005aa7000 	/System/Library/PrivateFrameworks/PerformanceAnalysis.framework/Versions/A/PerformanceAnalysis
0x0000000005aa7000 	/System/Library/Frameworks/OpenGL.framework/Versions/A/OpenGL
0x0000000005aa7000 	/System/Library/Frameworks/ColorSync.framework/Versions/A/ColorSync
0x0000000005aa7000 	/System/Library/Frameworks/CoreImage.framework/Versions/A/CoreImage
0x0000000005aa7000 	/System/Library/Frameworks/CoreText.framework/Versions/A/CoreText
0x0000000005aa7000 	/System/Library/Frameworks/ImageIO.framework/Versions/A/ImageIO
0x0000000005aa7000 	/System/Library/PrivateFrameworks/Backup.framework/Versions/A/Backup
0x0000000005aa7000 	/usr/lib/libarchive.2.dylib
0x0000000005aa7000 	/System/Library/Frameworks/CFNetwork.framework/Versions/A/CFNetwork
0x0000000005aa7000 	/System/Library/Frameworks/SystemConfiguration.framework/Versions/A/SystemConfiguration
0x0000000005aa7000 	/usr/lib/libCRFSuite.dylib
0x0000000005aa7000 	/usr/lib/libc++.1.dylib
0x0000000005aa7000 	/usr/lib/libc++abi.dylib
0x0000000005aa7000 	/usr/lib/system/libcache.dylib
0x0000000005aa7000 	/usr/lib/system/libcommonCrypto.dylib
0x0000000005aa7000 	/usr/lib/system/libcompiler_rt.dylib
0x0000000005aa7000 	/usr/lib/system/libcopyfile.dylib
0x0000000005aa7000 	/usr/lib/system/libcorecrypto.dylib
0x0000000005aa7000 	/usr/lib/system/libdispatch.dylib
0x0000000005aa7000 	/usr/lib/system/libdyld.dylib
0x0000000005aa7000 	/usr/lib/system/libkeymgr.dylib
0x0000000005aa7000 	/usr/lib/system/liblaunch.dylib
0x0000000005aa7000 	/usr/lib/system/libmacho.dylib
0x0000000005aa7000 	/usr/lib/system/libquarantine.dylib
0x0000000005aa7000 	/usr/lib/system/libremovefile.dylib
0x0000000005aa7000 	/usr/lib/system/libsystem_asl.dylib
0x0000000005aa7000 	/usr/lib/system/libsystem_blocks.dylib
0x0000000005aa7000 	/usr/lib/system/libsystem_c.dylib
0x0000000005aa7000 	/usr/lib/system/libsystem_configuration.dylib
0x0000000005aa7000 	/usr/lib/system/libsystem_coreservices.dylib
0x0000000005aa7000 	/usr/lib/system/libsystem_darwin.dylib
0x0000000005aa7000 	/usr/lib/system/libsystem_dnssd.dylib
0x0000000005aa7000 	/usr/lib/system/libsystem_info.dylib
0x0000000005aa7000 	/usr/lib/system/libsystem_m.dylib
0x0000000005aa7000 	/usr/lib/system/libsystem_malloc.dylib
0x0000000005aa7000 	/usr/lib/system/libsystem_networkextension.dylib
0x0000000005aa7000 	/usr/lib/system/libsystem_notify.dylib
0x0000000005aa7000 	/usr/lib/system/libsystem_sandbox.dylib
0x0000000005aa7000 	/usr/lib/system/libsystem_secinit.dylib
0x0000000005aa7000 	/usr/lib/system/libsystem_kernel.dylib
0x0000000005aa7000 	/usr/lib/system/libsystem_platform.dylib
0x0000000005aa7000 	/usr/lib/system/libsystem_pthread.dylib
0x0000000005aa7000 	/usr/lib/system/libsystem_symptoms.dylib
0x0000000005aa7000 	/usr/lib/system/libsystem_trace.dylib
0x0000000005aa7000 	/usr/lib/system/libunwind.dylib
0x0000000005aa7000 	/usr/lib/system/libxpc.dylib
0x0000000005aa7000 	/usr/lib/libbsm.0.dylib
0x0000000005aa7000 	/usr/lib/system/libkxld.dylib
0x0000000005aa7000 	/System/Library/PrivateFrameworks/AppleFSCompression.framework/Versions/A/AppleFSCompression
0x0000000005aa7000 	/usr/lib/libOpenScriptingUtil.dylib
0x0000000005aa7000 	/usr/lib/libcoretls.dylib
0x0000000005aa7000 	/usr/lib/libcoretls_cfhelpers.dylib
0x0000000005aa7000 	/usr/lib/libpam.2.dylib
0x0000000005aa7000 	/usr/lib/libsqlite3.dylib
0x0000000005aa7000 	/usr/lib/libxar.1.dylib
0x0000000005aa7000 	/usr/lib/libbz2.1.0.dylib
0x0000000005aa7000 	/usr/lib/liblzma.5.dylib
0x0000000005aa7000 	/usr/lib/libnetwork.dylib
0x0000000005aa7000 	/usr/lib/libapple_nghttp2.dylib
0x0000000005aa7000 	/usr/lib/libpcap.A.dylib
0x0000000005aa7000 	/System/Library/Frameworks/CoreServices.framework/Versions/A/Frameworks/FSEvents.framework/Versions/A/FSEvents
0x0000000005aa7000 	/System/Library/Frameworks/CoreServices.framework/Versions/A/Frameworks/CarbonCore.framework/Versions/A/CarbonCore
0x0000000005aa7000 	/System/Library/Frameworks/CoreServices.framework/Versions/A/Frameworks/Metadata.framework/Versions/A/Metadata
0x0000000005aa7000 	/System/Library/Frameworks/CoreServices.framework/Versions/A/Frameworks/OSServices.framework/Versions/A/OSServices
0x0000000005aa7000 	/System/Library/Frameworks/CoreServices.framework/Versions/A/Frameworks/SearchKit.framework/Versions/A/SearchKit
0x0000000005aa7000 	/System/Library/Frameworks/CoreServices.framework/Versions/A/Frameworks/AE.framework/Versions/A/AE
0x0000000005aa7000 	/System/Library/Frameworks/CoreServices.framework/Versions/A/Frameworks/LaunchServices.framework/Versions/A/LaunchServices
0x0000000005aa7000 	/System/Library/Frameworks/CoreServices.framework/Versions/A/Frameworks/DictionaryServices.framework/Versions/A/DictionaryServices
0x0000000005aa7000 	/System/Library/Frameworks/CoreServices.framework/Versions/A/Frameworks/SharedFileList.framework/Versions/A/SharedFileList
0x0000000005aa7000 	/System/Library/Frameworks/NetFS.framework/Versions/A/NetFS
0x0000000005aa7000 	/System/Library/PrivateFrameworks/NetAuth.framework/Versions/A/NetAuth
0x0000000005aa7000 	/System/Library/PrivateFrameworks/login.framework/Versions/A/Frameworks/loginsupport.framework/Versions/A/loginsupport
0x0000000005aa7000 	/System/Library/PrivateFrameworks/TCC.framework/Versions/A/TCC
0x0000000005aa7000 	/System/Library/PrivateFrameworks/CoreNLP.framework/Versions/A/CoreNLP
0x0000000005aa7000 	/System/Library/PrivateFrameworks/MetadataUtilities.framework/Versions/A/MetadataUtilities
0x0000000005aa7000 	/usr/lib/libmecabra.dylib
0x0000000005aa7000 	/System/Library/Frameworks/ApplicationServices.framework/Versions/A/Frameworks/ATS.framework/Versions/A/ATS
0x0000000005aa7000 	/System/Library/Frameworks/ApplicationServices.framework/Versions/A/Frameworks/ColorSyncLegacy.framework/Versions/A/ColorSyncLegacy
0x0000000005aa7000 	/System/Library/Frameworks/ApplicationServices.framework/Versions/A/Frameworks/HIServices.framework/Versions/A/HIServices
0x0000000005aa7000 	/System/Library/Frameworks/ApplicationServices.framework/Versions/A/Frameworks/LangAnalysis.framework/Versions/A/LangAnalysis
0x0000000005aa7000 	/System/Library/Frameworks/ApplicationServices.framework/Versions/A/Frameworks/PrintCore.framework/Versions/A/PrintCore
0x0000000005aa7000 	/System/Library/Frameworks/ApplicationServices.framework/Versions/A/Frameworks/QD.framework/Versions/A/QD
0x0000000005aa7000 	/System/Library/Frameworks/ApplicationServices.framework/Versions/A/Frameworks/SpeechSynthesis.framework/Versions/A/SpeechSynthesis
0x0000000005aa7000 	/usr/lib/libcompression.dylib
0x0000000005aa7000 	/System/Library/Frameworks/MetalPerformanceShaders.framework/Versions/A/MetalPerformanceShaders
0x0000000005aa7000 	/System/Library/Frameworks/Accelerate.framework/Versions/A/Frameworks/vImage.framework/Versions/A/vImage
0x0000000005aa7000 	/System/Library/Frameworks/Accelerate.framework/Versions/A/Frameworks/vecLib.framework/Versions/A/vecLib
0x0000000005aa7000 	/System/Library/Frameworks/Accelerate.framework/Versions/A/Frameworks/vecLib.framework/Versions/A/libvMisc.dylib
0x0000000005aa7000 	/System/Library/Frameworks/Accelerate.framework/Versions/A/Frameworks/vecLib.framework/Versions/A/libvDSP.dylib
0x0000000005aa7000 	/System/Library/Frameworks/Accelerate.framework/Versions/A/Frameworks/vecLib.framework/Versions/A/libBLAS.dylib
0x0000000005aa7000 	/System/Library/Frameworks/Accelerate.framework/Versions/A/Frameworks/vecLib.framework/Versions/A/libLAPACK.dylib
0x0000000005aa7000 	/System/Library/Frameworks/Accelerate.framework/Versions/A/Frameworks/vecLib.framework/Versions/A/libLinearAlgebra.dylib
0x0000000005aa7000 	/System/Library/Frameworks/Accelerate.framework/Versions/A/Frameworks/vecLib.framework/Versions/A/libSparseBLAS.dylib
0x0000000005aa7000 	/System/Library/Frameworks/Accelerate.framework/Versions/A/Frameworks/vecLib.framework/Versions/A/libQuadrature.dylib
0x0000000005aa7000 	/System/Library/Frameworks/Accelerate.framework/Versions/A/Frameworks/vecLib.framework/Versions/A/libBNNS.dylib
0x0000000005aa7000 	/System/Library/Frameworks/Accelerate.framework/Versions/A/Frameworks/vecLib.framework/Versions/A/libSparse.dylib
0x0000000005aa7000 	/System/Library/PrivateFrameworks/GPUWrangler.framework/Versions/A/GPUWrangler
0x0000000005aa7000 	/System/Library/PrivateFrameworks/IOAccelerator.framework/Versions/A/IOAccelerator
0x0000000005aa7000 	/System/Library/PrivateFrameworks/IOPresentment.framework/Versions/A/IOPresentment
0x0000000005aa7000 	/System/Library/PrivateFrameworks/DSExternalDisplay.framework/Versions/A/DSExternalDisplay
0x0000000005aa7000 	/System/Library/Frameworks/OpenGL.framework/Versions/A/Libraries/libCoreFSCache.dylib
0x0000000005aa7000 	/System/Library/Frameworks/MetalPerformanceShaders.framework/Frameworks/MPSCore.framework/Versions/A/MPSCore
0x0000000005aa7000 	/System/Library/Frameworks/MetalPerformanceShaders.framework/Frameworks/MPSImage.framework/Versions/A/MPSImage
0x0000000005aa7000 	/System/Library/Frameworks/MetalPerformanceShaders.framework/Frameworks/MPSNeuralNetwork.framework/Versions/A/MPSNeuralNetwork
0x0000000005aa7000 	/System/Library/Frameworks/MetalPerformanceShaders.framework/Frameworks/MPSMatrix.framework/Versions/A/MPSMatrix
0x0000000005aa7000 	/System/Library/Frameworks/MetalPerformanceShaders.framework/Frameworks/MPSRayIntersector.framework/Versions/A/MPSRayIntersector
0x0000000005aa7000 	/System/Library/PrivateFrameworks/MetalTools.framework/Versions/A/MetalTools
0x0000000005aa7000 	/System/Library/PrivateFrameworks/AggregateDictionary.framework/Versions/A/AggregateDictionary
0x0000000005aa7000 	/usr/lib/libMobileGestalt.dylib
0x0000000005aa7000 	/System/Library/Frameworks/CoreVideo.framework/Versions/A/CoreVideo
0x0000000005aa7000 	/System/Library/PrivateFrameworks/GraphVisualizer.framework/Versions/A/GraphVisualizer
0x0000000005aa7000 	/System/Library/PrivateFrameworks/FaceCore.framework/Versions/A/FaceCore
0x0000000005aa7000 	/System/Library/Frameworks/OpenCL.framework/Versions/A/OpenCL
0x0000000005aa7000 	/usr/lib/libFosl_dynamic.dylib
0x0000000005aa7000 	/System/Library/PrivateFrameworks/OTSVG.framework/Versions/A/OTSVG
0x0000000005aa7000 	/System/Library/Frameworks/ApplicationServices.framework/Versions/A/Frameworks/ATS.framework/Versions/A/Resources/libFontParser.dylib
0x0000000005aa7000 	/System/Library/Frameworks/ApplicationServices.framework/Versions/A/Frameworks/ATS.framework/Versions/A/Resources/libFontRegistry.dylib
0x0000000005aa7000 	/System/Library/Frameworks/ImageIO.framework/Versions/A/Resources/libJPEG.dylib
0x0000000005aa7000 	/System/Library/Frameworks/ImageIO.framework/Versions/A/Resources/libTIFF.dylib
0x0000000005aa7000 	/System/Library/Frameworks/ImageIO.framework/Versions/A/Resources/libPng.dylib
0x0000000005aa7000 	/System/Library/Frameworks/ImageIO.framework/Versions/A/Resources/libGIF.dylib
0x0000000005aa7000 	/System/Library/Frameworks/ImageIO.framework/Versions/A/Resources/libJP2.dylib
0x0000000005aa7000 	/System/Library/Frameworks/ImageIO.framework/Versions/A/Resources/libRadiance.dylib
0x0000000005aa7000 	/System/Library/PrivateFrameworks/AppleJPEG.framework/Versions/A/AppleJPEG
0x0000000005aa7000 	/System/Library/Frameworks/OpenGL.framework/Versions/A/Libraries/libGFXShared.dylib
0x0000000005aa7000 	/System/Library/Frameworks/OpenGL.framework/Versions/A/Libraries/libGLU.dylib
0x0000000005aa7000 	/System/Library/Frameworks/OpenGL.framework/Versions/A/Libraries/libGL.dylib
0x0000000005aa7000 	/System/Library/Frameworks/OpenGL.framework/Versions/A/Libraries/libGLImage.dylib
0x0000000005aa7000 	/System/Library/Frameworks/OpenGL.framework/Versions/A/Libraries/libCVMSPluginSupport.dylib
0x0000000005aa7000 	/System/Library/Frameworks/OpenGL.framework/Versions/A/Libraries/libCoreVMClient.dylib
0x0000000005aa7000 	/usr/lib/libcups.2.dylib
0x0000000005aa7000 	/System/Library/Frameworks/Kerberos.framework/Versions/A/Kerberos
0x0000000005aa7000 	/System/Library/Frameworks/GSS.framework/Versions/A/GSS
0x0000000005aa7000 	/usr/lib/libresolv.9.dylib
0x0000000005aa7000 	/usr/lib/libiconv.2.dylib
0x0000000005aa7000 	/System/Library/PrivateFrameworks/Heimdal.framework/Versions/A/Heimdal
0x0000000005aa7000 	/usr/lib/libheimdal-asn1.dylib
0x0000000005aa7000 	/System/Library/Frameworks/OpenDirectory.framework/Versions/A/OpenDirectory
0x0000000005aa7000 	/System/Library/PrivateFrameworks/CommonAuth.framework/Versions/A/CommonAuth
0x0000000005aa7000 	/System/Library/Frameworks/OpenDirectory.framework/Versions/A/Frameworks/CFOpenDirectory.framework/Versions/A/CFOpenDirectory
0x0000000005aa7000 	/System/Library/Frameworks/SecurityFoundation.framework/Versions/A/SecurityFoundation
0x0000000005aa7000 	/System/Library/PrivateFrameworks/APFS.framework/Versions/A/APFS
0x0000000005aa7000 	/usr/lib/libutil.dylib
0x0000000005aa7000 	/usr/lib/libcharset.1.dylib
0x0000000005aa7000 	/System/Library/PrivateFrameworks/AppleSauce.framework/Versions/A/AppleSauce
0x0000000005aa7000 	/System/Library/PrivateFrameworks/AssertionServices.framework/Versions/A/AssertionServices
0x0000000005aa7000 	/System/Library/PrivateFrameworks/BaseBoard.framework/Versions/A/BaseBoard
0x0000000005aa7000 	/usr/lib/libmecab.1.0.0.dylib
0x0000000005aa7000 	/usr/lib/libgermantok.dylib
0x0000000005aa7000 	/usr/lib/libThaiTokenizer.dylib
0x0000000005aa7000 	/usr/lib/libChineseTokenizer.dylib
0x0000000005aa7000 	/System/Library/PrivateFrameworks/LanguageModeling.framework/Versions/A/LanguageModeling
0x0000000005aa7000 	/System/Library/PrivateFrameworks/CoreEmoji.framework/Versions/A/CoreEmoji
0x0000000005aa7000 	/System/Library/PrivateFrameworks/Lexicon.framework/Versions/A/Lexicon
0x0000000005aa7000 	/System/Library/PrivateFrameworks/LinguisticData.framework/Versions/A/LinguisticData
0x0000000005aa7000 	/usr/lib/libcmph.dylib
0x0000000005aa7000 	/System/Library/Frameworks/ServiceManagement.framework/Versions/A/ServiceManagement
0x0000000005aa7000 	/System/Library/PrivateFrameworks/BackgroundTaskManagement.framework/Versions/A/BackgroundTaskManagement
0x0000000005aa7000 	/usr/lib/libxslt.1.dylib
0x0000000005aa7000 	/System/Library/Frameworks/Carbon.framework/Versions/A/Frameworks/Ink.framework/Versions/A/Ink
0x0000000005aa7000 	/System/Library/PrivateFrameworks/TextureIO.framework/Versions/A/TextureIO
0x0000000005aa7000 	/usr/lib/libate.dylib
0x0000000005aa7000 	/System/Library/PrivateFrameworks/CrashReporterSupport.framework/Versions/A/CrashReporterSupport
0x0000000005aa7000 	/System/Library/PrivateFrameworks/Sharing.framework/Versions/A/Sharing
0x0000000005aa7000 	/System/Library/PrivateFrameworks/AuthKit.framework/Versions/A/AuthKit
0x0000000005aa7000 	/System/Library/PrivateFrameworks/Apple80211.framework/Versions/A/Apple80211
0x0000000005aa7000 	/System/Library/PrivateFrameworks/CoreUtils.framework/Versions/A/CoreUtils
0x0000000005aa7000 	/System/Library/Frameworks/CoreWLAN.framework/Versions/A/CoreWLAN
0x0000000005aa7000 	/System/Library/Frameworks/IOBluetooth.framework/Versions/A/IOBluetooth
0x0000000005aa7000 	/System/Library/PrivateFrameworks/ProtocolBuffer.framework/Versions/A/ProtocolBuffer
0x0000000005aa7000 	/System/Library/PrivateFrameworks/MobileKeyBag.framework/Versions/A/MobileKeyBag
0x0000000005aa7000 	/System/Library/PrivateFrameworks/CorePhoneNumbers.framework/Versions/A/CorePhoneNumbers
0x0000000005aa7000 	/System/Library/PrivateFrameworks/AppleIDAuthSupport.framework/Versions/A/AppleIDAuthSupport
0x0000000005aa7000 	/System/Library/PrivateFrameworks/KeychainCircle.framework/Versions/A/KeychainCircle
0x0000000005aa7000 	/System/Library/PrivateFrameworks/ROCKit.framework/Versions/A/ROCKit
0x0000000005aa7000 	/System/Library/PrivateFrameworks/CoreWiFi.framework/Versions/A/CoreWiFi
0x0000000005aa7000 	/System/Library/Frameworks/CoreBluetooth.framework/Versions/A/CoreBluetooth
0x0000000005aa7000 	/System/Library/PrivateFrameworks/DebugSymbols.framework/Versions/A/DebugSymbols
0x0000000005aa7000 	/System/Library/PrivateFrameworks/CoreSymbolication.framework/Versions/A/CoreSymbolication
0x0000000005aa7000 	/System/Library/PrivateFrameworks/Symbolication.framework/Versions/A/Symbolication
0x0000000005aa7000 	/System/Library/PrivateFrameworks/SpeechRecognitionCore.framework/Versions/A/SpeechRecognitionCore
0x00000001085cb000 	/Applications/MATLAB_R2018a.app/sys/java/jre/maci64/jre/lib/server/libjvm.dylib
0x0000000005aa7000 	/usr/lib/libstdc++.6.dylib
0x0000000109572000 	/Applications/MATLAB_R2018a.app/sys/java/jre/maci64/jre/lib/libverify.dylib
0x0000000109580000 	/Applications/MATLAB_R2018a.app/sys/java/jre/maci64/jre/lib/libjava.dylib
0x0000000109e00000 	/Applications/MATLAB_R2018a.app/sys/java/jre/maci64/jre/lib/libzip.dylib
0x0000000005aa7000 	/System/Library/Frameworks/JavaVM.framework/Versions/A/Frameworks/JavaRuntimeSupport.framework/Versions/A/JavaRuntimeSupport
0x0000000005aa7000 	/System/Library/Frameworks/JavaVM.framework/Versions/A/Frameworks/JavaNativeFoundation.framework/Versions/A/JavaNativeFoundation
0x0000000005aa7000 	/System/Library/Frameworks/JavaVM.framework/Versions/A/JavaVM
0x0000000005aa7000 	/System/Library/Frameworks/Carbon.framework/Versions/A/Carbon
0x0000000005aa7000 	/System/Library/PrivateFrameworks/JavaLaunching.framework/Versions/A/JavaLaunching
0x0000000005aa7000 	/System/Library/Frameworks/Carbon.framework/Versions/A/Frameworks/CommonPanels.framework/Versions/A/CommonPanels
0x0000000005aa7000 	/System/Library/Frameworks/Carbon.framework/Versions/A/Frameworks/Help.framework/Versions/A/Help
0x0000000005aa7000 	/System/Library/Frameworks/Carbon.framework/Versions/A/Frameworks/ImageCapture.framework/Versions/A/ImageCapture
0x0000000005aa7000 	/System/Library/Frameworks/Carbon.framework/Versions/A/Frameworks/OpenScripting.framework/Versions/A/OpenScripting
0x0000000005aa7000 	/System/Library/Frameworks/Carbon.framework/Versions/A/Frameworks/Print.framework/Versions/A/Print
0x0000000005aa7000 	/System/Library/Frameworks/Carbon.framework/Versions/A/Frameworks/SecurityHI.framework/Versions/A/SecurityHI
0x0000000121284000 	/Applications/MATLAB_R2018a.app/sys/java/jre/maci64/jre/lib/libawt.dylib
0x000000012132c000 	/Applications/MATLAB_R2018a.app/sys/java/jre/maci64/jre/lib/./libmlib_image.dylib
0x00000001213f8000 	/Applications/MATLAB_R2018a.app/sys/java/jre/maci64/jre/lib/libawt_lwawt.dylib
0x00000001214af000 	/Applications/MATLAB_R2018a.app/sys/java/jre/maci64/jre/lib/./libosxapp.dylib
0x0000000005aa7000 	/System/Library/Frameworks/ExceptionHandling.framework/Versions/A/ExceptionHandling
0x0000000005aa7000 	/System/Library/PrivateFrameworks/CoreServicesInternal.framework/Versions/A/CoreServicesInternal
0x0000000005aa7000 	/System/Library/CoreServices/RawCamera.bundle/Contents/MacOS/RawCamera
0x0000000005aa7000 	/System/Library/PrivateFrameworks/MobileAsset.framework/Versions/A/MobileAsset
0x0000000005aa7000 	/System/Library/PrivateFrameworks/StreamingZip.framework/Versions/A/StreamingZip
0x0000000005aa7000 	/System/Library/Frameworks/MediaToolbox.framework/Versions/A/MediaToolbox
0x0000000005aa7000 	/System/Library/PrivateFrameworks/CoreAVCHD.framework/Versions/A/CoreAVCHD
0x0000000005aa7000 	/System/Library/Frameworks/MediaAccessibility.framework/Versions/A/MediaAccessibility
0x0000000005aa7000 	/System/Library/PrivateFrameworks/Mangrove.framework/Versions/A/Mangrove
0x0000000005aa7000 	/System/Library/Frameworks/CoreMedia.framework/Versions/A/CoreMedia
0x0000000005aa7000 	/System/Library/Frameworks/VideoToolbox.framework/Versions/A/VideoToolbox
0x0000000005aa7000 	/System/Library/PrivateFrameworks/CoreAUC.framework/Versions/A/CoreAUC
0x0000000005aa7000 	/usr/lib/libspindump.dylib
0x0000000005aa7000 	/System/Library/PrivateFrameworks/AppleVA.framework/Versions/A/AppleVA
0x0000000005aa7000 	/System/Library/Frameworks/Accelerate.framework/Versions/A/Frameworks/vImage.framework/Versions/A/Libraries/libCGInterfaces.dylib
0x0000000005aa7000 	/System/Library/PrivateFrameworks/FamilyControls.framework/Versions/A/FamilyControls
0x0000000005aa7000 	/System/Library/PrivateFrameworks/CommerceKit.framework/Versions/A/Frameworks/CommerceCore.framework/Versions/A/CommerceCore
0x0000000005aa7000 	/System/Library/PrivateFrameworks/SystemAdministration.framework/Versions/A/SystemAdministration
0x0000000005aa7000 	/System/Library/PrivateFrameworks/AppContainer.framework/Versions/A/AppContainer
0x0000000005aa7000 	/System/Library/PrivateFrameworks/AppSandbox.framework/Versions/A/AppSandbox
0x0000000005aa7000 	/System/Library/PrivateFrameworks/SecCodeWrapper.framework/Versions/A/SecCodeWrapper
0x0000000005aa7000 	/usr/lib/libsandbox.1.dylib
0x0000000005aa7000 	/usr/lib/libMatch.1.dylib
0x0000000005aa7000 	/System/Library/PrivateFrameworks/DiskManagement.framework/Versions/A/DiskManagement
0x0000000005aa7000 	/System/Library/Frameworks/DirectoryService.framework/Versions/A/DirectoryService
0x0000000005aa7000 	/System/Library/PrivateFrameworks/DiskImages.framework/Versions/A/DiskImages
0x0000000005aa7000 	/System/Library/PrivateFrameworks/LoginUIKit.framework/Versions/A/Frameworks/LoginUICore.framework/Versions/A/LoginUICore
0x0000000005aa7000 	/usr/lib/libCoreStorage.dylib
0x0000000005aa7000 	/usr/lib/libcsfde.dylib
0x0000000005aa7000 	/usr/lib/libodfde.dylib
0x0000000005aa7000 	/System/Library/PrivateFrameworks/MediaKit.framework/Versions/A/MediaKit
0x0000000005aa7000 	/System/Library/Frameworks/DiscRecording.framework/Versions/A/DiscRecording
0x0000000005aa7000 	/System/Library/PrivateFrameworks/EFILogin.framework/Versions/A/EFILogin
0x0000000005aa7000 	/System/Library/PrivateFrameworks/ProtectedCloudStorage.framework/Versions/A/ProtectedCloudStorage
0x0000000005aa7000 	/usr/lib/libcurl.4.dylib
0x0000000005aa7000 	/usr/lib/libcrypto.42.dylib
0x0000000005aa7000 	/usr/lib/libssl.44.dylib
0x0000000005aa7000 	/System/Library/Frameworks/LDAP.framework/Versions/A/LDAP
0x0000000005aa7000 	/System/Library/PrivateFrameworks/TrustEvaluationAgent.framework/Versions/A/TrustEvaluationAgent
0x0000000005aa7000 	/usr/lib/libsasl2.2.dylib
0x0000000005aa7000 	/System/Library/PrivateFrameworks/CoreDaemon.framework/Versions/B/CoreDaemon
0x0000000005aa7000 	/System/Library/PrivateFrameworks/AppleSRP.framework/Versions/A/AppleSRP
0x0000000005aa7000 	/System/Library/PrivateFrameworks/ViewBridge.framework/Versions/A/ViewBridge
0x0000000122ed5000 	/Applications/MATLAB_R2018a.app/sys/java/jre/maci64/jre/lib/libfontmanager.dylib
0x0000000122f5b000 	/Applications/MATLAB_R2018a.app/sys/java/jre/maci64/jre/lib/libsunec.dylib
0x0000000122f83000 	/Applications/MATLAB_R2018a.app/sys/java/jre/maci64/jre/lib/libnet.dylib
0x0000000122f9a000 	/Applications/MATLAB_R2018a.app/sys/java/jre/maci64/jre/lib/libnio.dylib
0x0000000005aa7000 	/System/Library/Frameworks/OpenGL.framework/Versions/A/Resources/GLEngine.bundle/GLEngine
0x0000000005aa7000 	/System/Library/Frameworks/OpenGL.framework/Versions/A/Libraries/libGLProgrammability.dylib
0x0000000005aa7000 	/System/Library/Extensions/AppleIntelKBLGraphicsGLDriver.bundle/Contents/MacOS/AppleIntelKBLGraphicsGLDriver
0x0000000005aa7000 	/System/Library/PrivateFrameworks/GPUSupport.framework/Versions/A/Libraries/libGPUSupportMercury.dylib
0x0000000005aa7000 	/System/Library/Frameworks/OpenGL.framework/Versions/A/Resources/GLRendererFloat.bundle/GLRendererFloat
0x0000000005aa7000 	/System/Library/Frameworks/OpenCL.framework/Versions/A/Libraries/libcldcpuengine.dylib
0x0000000005aa7000 	/usr/lib/libcrypto.35.dylib
0x00000001231e6000 	/Applications/MATLAB_R2018a.app/sys/java/jre/maci64/jre/lib/libosxui.dylib
0x0000000005aa7000 	/System/Library/Frameworks/ApplicationServices.framework/Versions/A/Frameworks/ATS.framework/Versions/A/Resources/libTrueTypeScaler.dylib
0x0000000154228000 	/usr/lib/libobjc-trampolines.dylib
0x0000000154a34000 	/Applications/MATLAB_R2018a.app/sys/java/jre/maci64/jre/lib/libosx.dylib
0x0000000005aa7000 	/System/Library/Extensions/AppleIntelKBLGraphicsMTLDriver.bundle/Contents/MacOS/AppleIntelKBLGraphicsMTLDriver
0x0000000005aa7000 	/System/Library/PrivateFrameworks/GPUCompiler.framework/Versions/3902/Libraries/libmetal_timestamp.dylib

VM Arguments:
java_command: com.mathworks.fatalexit.FatalExitFrame /Users/admin/matlab_crash_dump.32938-1 -optIn -desktopOS Darwin 18.7.0 Darwin Kernel Version 18.7.0: Sun Dec  1 18:59:03 PST 2019; root:xnu-4903.278.19~1/RELEASE_X86_64 x86_64 -desktopPlatform maci64 -installationId e10da1d9-7b11-4bef-abb9-8ff9822a0a13 -machineHash 7c07b42e9e9493e749763fba2663118c -releaseFamily R2018a -sessionKey d220c763-d2b9-4b15-ad22-0a729e508f5d -version 9.4.0.813654 (R2018a)
java_class_path (initial): /Applications/MATLAB_R2018a.app/java/jar/fatalexit.jar:/Applications/MATLAB_R2018a.app/java/jar/mlwebservices.jar:/Applications/MATLAB_R2018a.app/java/jar/net.jar:/Applications/MATLAB_R2018a.app/java/jar/webproxy.jar:/Applications/MATLAB_R2018a.app/java/jarext/webservices/udc_client/udc_client.jar:/Applications/MATLAB_R2018a.app/java/jarext/webservices/urlmanager/urlmanager.jar:/Applications/MATLAB_R2018a.app/java/jarext/webservices/ws_client_core/mw-service-client-core.jar:/Applications/MATLAB_R2018a.app/java/jarext/commons-cli.jar:/Applications/MATLAB_R2018a.app/java/jarext/commons-codec.jar:/Applications/MATLAB_R2018a.app/java/jarext/commons-io.jar:/Applications/MATLAB_R2018a.app/java/jarext/commons-lang.jar:/Applications/MATLAB_R2018a.app/java/jarext/commons-logging.jar:/Applications/MATLAB_R2018a.app/java/jarext/felix.jar:/Applications/MATLAB_R2018a.app/java/jarext/jgoodies-looks.jar:/Applications/MATLAB_R2018a.app/java/jarext/axis2/activation.jar:/Applications/MATLAB_R2018a.app/java/jarext/axis2/axiom-api.jar:/Applications/MATLAB_R2018a.app/java/jarext/axis2/axiom-impl.jar:/Applications/MATLAB_R2018a.app/java/jarext/axis2/axis2-adb.jar:/Applications/MATLAB_R2018a.app/java/jarext/axis2/axis2-kernel.jar:/Applications/MATLAB_R2018a.app/java/jarext/axis2/axis2-transport-http.jar:/Applications/MATLAB_R2018a.app/java/jarext/axis2/axis2-transport-local.jar:/Applications/MATLAB_R2018a.app/java/jarext/axis2/commons-httpclient.jar:/Applications/MATLAB_R2018a.app/java/jarext/axis2/geronimo-stax-api.jar:/Applications/MATLAB_R2018a.app/java/jarext/axis2/httpcore.jar:/Applications/MATLAB_R2018a.app/java/jarext/axis2/mail.jar:/Applications/MATLAB_R2018a.app/java/jarext/axis2/neethi.jar:/Applications/MATLAB_R2018a.app/java/jarext/axis2/wsdl4j.jar:/Applications/MATLAB_R2018a.app/java/jarext/axis2/wstx-asl.jar:/Applications/MATLAB_R2018a.app/java/jarext/axis2/XmlSchema.jar:/Applications/MATLAB_R2018a.app/java/jar/ja_JP/fatalexit_res.jar:/Application
Launcher Type: SUN_STANDARD

Environment Variables:
PATH=/usr/bin:/bin:/usr/sbin:/sbin
SHELL=/bin/bash

Signal Handlers:
SIGSEGV: [libjvm.dylib+0x5b26e5], sa_mask[0]=11111111011111110111111111111111, sa_flags=SA_ONSTACK|SA_RESTART|SA_SIGINFO
SIGBUS: [libjvm.dylib+0x5b26e5], sa_mask[0]=11111111011111110111111111111111, sa_flags=SA_RESTART|SA_SIGINFO
SIGFPE: [libjvm.dylib+0x489100], sa_mask[0]=11111111011111110111111111111111, sa_flags=SA_RESTART|SA_SIGINFO
SIGPIPE: [libjvm.dylib+0x489100], sa_mask[0]=11111111011111110111111111111111, sa_flags=SA_RESTART|SA_SIGINFO
SIGXFSZ: [libjvm.dylib+0x489100], sa_mask[0]=11111111011111110111111111111111, sa_flags=SA_RESTART|SA_SIGINFO
SIGILL: [libjvm.dylib+0x489100], sa_mask[0]=11111111011111110111111111111111, sa_flags=SA_RESTART|SA_SIGINFO
SIGUSR1: SIG_DFL, sa_mask[0]=00000000000000000000000000000000, sa_flags=none
SIGUSR2: [libjvm.dylib+0x488c1e], sa_mask[0]=01000000001010000100000000010000, sa_flags=SA_RESTART|SA_SIGINFO
SIGHUP: [libjvm.dylib+0x4871f5], sa_mask[0]=11111111011111110111111111111111, sa_flags=SA_RESTART|SA_SIGINFO
SIGINT: [libjvm.dylib+0x4871f5], sa_mask[0]=11111111011111110111111111111111, sa_flags=SA_RESTART|SA_SIGINFO
SIGTERM: [libjvm.dylib+0x4871f5], sa_mask[0]=11111111011111110111111111111111, sa_flags=SA_RESTART|SA_SIGINFO
SIGQUIT: [libjvm.dylib+0x4871f5], sa_mask[0]=11111111011111110111111111111111, sa_flags=SA_RESTART|SA_SIGINFO


---------------  S Y S T E M  ---------------

OS:Bsduname:Darwin 18.7.0 Darwin Kernel Version 18.7.0: Sun Dec  1 18:59:03 PST 2019; root:xnu-4903.278.19~1/RELEASE_X86_64 x86_64
rlimit: STACK 8192k, CORE 0k, NPROC 709, NOFILE 10240, AS infinity
load average:75.39 134.32 109.25

CPU:total 4 (initial active 4) (2 cores per cpu, 2 threads per core) family 6 model 142 stepping 9, cmov, cx8, fxsr, mmx, sse, sse2, sse3, ssse3, sse4.1, sse4.2, popcnt, avx, avx2, aes, clmul, erms, rtm, 3dnowpref, lzcnt, ht, tsc, tscinvbit, bmi1, bmi2, adx

Memory: 4k page, physical 8388608k(31808k free)

/proc/meminfo:


vm_info: Java HotSpot(TM) 64-Bit Server VM (25.144-b01) for bsd-amd64 JRE (1.8.0_144-b01), built on Jul 21 2017 22:07:42 by "java_re" with gcc 4.2.1 (Based on Apple Inc. build 5658) (LLVM build 2336.11.00)

time: Wed Mar 11 15:02:42 2020
elapsed time: 437 seconds (0d 0h 7m 17s)

